Flutter crash report; please file at https://github.com/flutter/flutter/issues.

## command

flutter build bundle --suppress-analytics --target lib/main.dart --depfile D:\code\flutter\hybridApp\flutter_module\.android\Flutter\build\intermediates\flutter\dynamicRelease/snapshot_blob.bin.d --asset-dir D:\code\flutter\hybridApp\flutter_module\.android\Flutter\build\intermediates\flutter\dynamicRelease/flutter_assets --release --dynamic

## exception

FileSystemException: FileSystemException: Cannot open file, path = 'D:\soft\flutter\flutter_windows_v0.9.4-beta\flutter\bin\cache\artifacts\engine\windows-x64\product_vm_isolate_snapshot.bin' (OS Error: 系统找不到指定的文件。
, errno = 2)

```
#0      _File.open.<anonymous closure> (dart:io/file_impl.dart:368:9)
#1      _rootRunUnary (dart:async/zone.dart:1132:38)
#2      _CustomZone.runUnary (dart:async/zone.dart:1029:19)
#3      _FutureListener.handleValue (dart:async/future_impl.dart:129:18)
#4      Future._propagateToListeners.handleValueCallback (dart:async/future_impl.dart:642:45)
#5      Future._propagateToListeners (dart:async/future_impl.dart:671:32)
#6      Future._completeWithValue (dart:async/future_impl.dart:486:5)
#7      Future._asyncComplete.<anonymous closure> (dart:async/future_impl.dart:516:7)
#8      _rootRun (dart:async/zone.dart:1124:13)
#9      _CustomZone.run (dart:async/zone.dart:1021:19)
#10     _CustomZone.bindCallback.<anonymous closure> (dart:async/zone.dart:947:23)
#11     _microtaskLoop (dart:async/schedule_microtask.dart:41:21)
#12     _startMicrotaskLoop (dart:async/schedule_microtask.dart:50:5)
#13     _runPendingImmediateCallback (dart:isolate/runtime/libisolate_patch.dart:115:13)
#14     _RawReceivePortImpl._handleMessage (dart:isolate/runtime/libisolate_patch.dart:172:5)
```

## flutter doctor

```
[✓] Flutter (Channel beta, v0.9.4, on Microsoft Windows [Version 10.0.17134.407], locale zh-CN)
    • Flutter version 0.9.4 at D:\soft\flutter\flutter_windows_v0.9.4-beta\flutter
    • Framework revision f37c235c32 (9 weeks ago), 2018-09-25 17:45:40 -0400
    • Engine revision 74625aed32
    • Dart version 2.1.0-dev.5.0.flutter-a2eb050044

[!] Android toolchain - develop for Android devices (Android SDK 28.0.3)
    • Android SDK at D:\soft\AndroidSDK
    • Android NDK location not configured (optional; useful for native profiling support)
    • Platform android-28, build-tools 28.0.3
    • ANDROID_HOME = D:\soft\AndroidSDK
    • Java binary at: D:\soft\as\android-studio-3.1.4\android-studio\jre\bin\java
    • Java version OpenJDK Runtime Environment (build 1.8.0_152-release-1136-b06)
    ! Some Android licenses not accepted.  To resolve this, run: flutter doctor --android-licenses

[✓] Android Studio (version 3.0)
    • Android Studio at D:\soft\as\android-studio-3.0\android-studio
    ✗ Flutter plugin not installed; this adds Flutter specific functionality.
    ✗ Dart plugin not installed; this adds Dart specific functionality.
    • Java version OpenJDK Runtime Environment (build 1.8.0_152-release-915-b01)

[✓] Android Studio (version 3.2)
    • Android Studio at D:\soft\as\android-studio-3.1.4\android-studio
    • Flutter plugin version 29.1.1
    • Dart plugin version 181.5656
    • Java version OpenJDK Runtime Environment (build 1.8.0_152-release-1136-b06)

[✓] Connected devices (1 available)
    • PE TL20 • F8UDU15401007825 • android-arm • Android 6.0 (API 23)

! Doctor found issues in 1 category.
```
